Base path: /opt/Unity/Editor/Data
Cmd: getPlatforms
Cmd: compileSnippet
  api=5 type=0 insize=13030 outsize=6615 kw=UNITY_COLORSPACE_GAMMA _SUNDISK_NONE pd=UNITY_NO_DXT5nm UNITY_NO_RGBM UNITY_NO_SCREENSPACE_SHADOWS UNITY_NO_LINEAR_COLORSPACE UNITY_ENABLE_REFLECTION_BUFFERS UNITY_FRAMEBUFFER_FETCH_AVAILABLE UNITY_NO_FULL_STANDARD_SHADER UNITY_PBS_USE_BRDF2 SHADER_API_MOBILE ok=1
Cmd: compileSnippet
  api=5 type=1 insize=13030 outsize=0 kw=_SUNDISK_HIGH_QUALITY pd=UNITY_NO_DXT5nm UNITY_NO_RGBM UNITY_NO_SCREENSPACE_SHADOWS UNITY_NO_LINEAR_COLORSPACE UNITY_ENABLE_REFLECTION_BUFFERS UNITY_FRAMEBUFFER_FETCH_AVAILABLE UNITY_NO_FULL_STANDARD_SHADER UNITY_PBS_USE_BRDF2 SHADER_API_MOBILE ok=1
Cmd: compileSnippet
  api=9 type=1 insize=13030 outsize=0 kw=UNITY_COLORSPACE_GAMMA _SUNDISK_HIGH_QUALITY pd=UNITY_NO_DXT5nm UNITY_NO_RGBM UNITY_NO_SCREENSPACE_SHADOWS UNITY_NO_LINEAR_COLORSPACE UNITY_ENABLE_REFLECTION_BUFFERS UNITY_FRAMEBUFFER_FETCH_AVAILABLE UNITY_PBS_USE_BRDF2 SHADER_API_MOBILE ok=1
Cmd: compileSnippet
  api=9 type=0 insize=4597 outsize=7395 kw=SPOT pd=UNITY_NO_DXT5nm UNITY_NO_RGBM UNITY_NO_SCREENSPACE_SHADOWS UNITY_NO_LINEAR_COLORSPACE UNITY_ENABLE_REFLECTION_BUFFERS UNITY_FRAMEBUFFER_FETCH_AVAILABLE UNITY_PBS_USE_BRDF2 SHADER_API_MOBILE ok=1
Cmd: compileSnippet
  api=5 type=0 insize=541 outsize=2081 kw=SHADOWS_DEPTH pd=UNITY_NO_DXT5nm UNITY_NO_RGBM UNITY_NO_SCREENSPACE_SHADOWS UNITY_NO_LINEAR_COLORSPACE UNITY_ENABLE_REFLECTION_BUFFERS UNITY_FRAMEBUFFER_FETCH_AVAILABLE UNITY_NO_FULL_STANDARD_SHADER UNITY_PBS_USE_BRDF2 SHADER_API_MOBILE ok=1
Cmd: compileSnippet
  api=9 type=1 insize=541 outsize=0 kw=SHADOWS_CUBE pd=UNITY_NO_DXT5nm UNITY_NO_RGBM UNITY_NO_SCREENSPACE_SHADOWS UNITY_NO_LINEAR_COLORSPACE UNITY_ENABLE_REFLECTION_BUFFERS UNITY_FRAMEBUFFER_FETCH_AVAILABLE UNITY_PBS_USE_BRDF2 SHADER_API_MOBILE ok=1
Cmd: compileSnippet
  api=9 type=0 insize=6763 outsize=9711 kw=DIRECTIONAL SHADOWS_OFF LIGHTMAP_OFF DIRLIGHTMAP_OFF DYNAMICLIGHTMAP_OFF VERTEXLIGHT_ON pd=UNITY_NO_DXT5nm UNITY_NO_RGBM UNITY_NO_SCREENSPACE_SHADOWS UNITY_NO_LINEAR_COLORSPACE UNITY_ENABLE_REFLECTION_BUFFERS UNITY_FRAMEBUFFER_FETCH_AVAILABLE UNITY_PBS_USE_BRDF2 SHADER_API_MOBILE ok=1
Cmd: compileSnippet
  api=5 type=0 insize=3695 outsize=2680 kw=POINT pd=UNITY_NO_DXT5nm UNITY_NO_RGBM UNITY_NO_SCREENSPACE_SHADOWS UNITY_NO_LINEAR_COLORSPACE UNITY_ENABLE_REFLECTION_BUFFERS UNITY_FRAMEBUFFER_FETCH_AVAILABLE UNITY_NO_FULL_STANDARD_SHADER UNITY_PBS_USE_BRDF2 SHADER_API_MOBILE ok=1
Cmd: compileSnippet
  api=9 type=0 insize=3695 outsize=8405 kw=DIRECTIONAL_COOKIE pd=UNITY_NO_DXT5nm UNITY_NO_RGBM UNITY_NO_SCREENSPACE_SHADOWS UNITY_NO_LINEAR_COLORSPACE UNITY_ENABLE_REFLECTION_BUFFERS UNITY_FRAMEBUFFER_FETCH_AVAILABLE UNITY_PBS_USE_BRDF2 SHADER_API_MOBILE ok=1
Cmd: compileSnippet
  api=9 type=1 insize=3695 outsize=0 kw=POINT_COOKIE pd=UNITY_NO_DXT5nm UNITY_NO_RGBM UNITY_NO_SCREENSPACE_SHADOWS UNITY_NO_LINEAR_COLORSPACE UNITY_ENABLE_REFLECTION_BUFFERS UNITY_FRAMEBUFFER_FETCH_AVAILABLE UNITY_PBS_USE_BRDF2 SHADER_API_MOBILE ok=1
Cmd: compileSnippet
  api=5 type=1 insize=5962 outsize=0 kw=LIGHTMAP_OFF DIRLIGHTMAP_OFF DYNAMICLIGHTMAP_OFF UNITY_HDR_ON pd=UNITY_NO_DXT5nm UNITY_NO_RGBM UNITY_NO_SCREENSPACE_SHADOWS UNITY_NO_LINEAR_COLORSPACE UNITY_ENABLE_REFLECTION_BUFFERS UNITY_FRAMEBUFFER_FETCH_AVAILABLE UNITY_NO_FULL_STANDARD_SHADER UNITY_PBS_USE_BRDF2 SHADER_API_MOBILE ok=1
Cmd: compileSnippet
  api=5 type=0 insize=1275 outsize=4041 kw=SPOT SHADOWS_OFF pd=UNITY_NO_DXT5nm UNITY_NO_RGBM UNITY_NO_SCREENSPACE_SHADOWS UNITY_NO_LINEAR_COLORSPACE UNITY_ENABLE_REFLECTION_BUFFERS UNITY_FRAMEBUFFER_FETCH_AVAILABLE UNITY_NO_FULL_STANDARD_SHADER UNITY_PBS_USE_BRDF2 SHADER_API_MOBILE ok=1
Cmd: compileSnippet
  api=9 type=0 insize=1275 outsize=10934 kw=SPOT SHADOWS_DEPTH SHADOWS_NATIVE pd=UNITY_NO_DXT5nm UNITY_NO_RGBM UNITY_NO_SCREENSPACE_SHADOWS UNITY_NO_LINEAR_COLORSPACE UNITY_ENABLE_REFLECTION_BUFFERS UNITY_FRAMEBUFFER_FETCH_AVAILABLE UNITY_PBS_USE_BRDF2 SHADER_API_MOBILE ok=1
Cmd: compileSnippet
  api=5 type=0 insize=1275 outsize=5356 kw=POINT SHADOWS_CUBE SHADOWS_SOFT pd=UNITY_NO_DXT5nm UNITY_NO_RGBM UNITY_NO_SCREENSPACE_SHADOWS UNITY_NO_LINEAR_COLORSPACE UNITY_ENABLE_REFLECTION_BUFFERS UNITY_FRAMEBUFFER_FETCH_AVAILABLE UNITY_NO_FULL_STANDARD_SHADER UNITY_PBS_USE_BRDF2 SHADER_API_MOBILE ok=1
Cmd: compileSnippet
  api=9 type=0 insize=1275 outsize=10043 kw=DIRECTIONAL_COOKIE SHADOWS_SCREEN SHADOWS_NATIVE pd=UNITY_NO_DXT5nm UNITY_NO_RGBM UNITY_NO_SCREENSPACE_SHADOWS UNITY_NO_LINEAR_COLORSPACE UNITY_ENABLE_REFLECTION_BUFFERS UNITY_FRAMEBUFFER_FETCH_AVAILABLE UNITY_PBS_USE_BRDF2 SHADER_API_MOBILE ok=1
Cmd: compileSnippet
  api=9 type=1 insize=1275 outsize=0 kw=POINT_COOKIE SHADOWS_OFF pd=UNITY_NO_DXT5nm UNITY_NO_RGBM UNITY_NO_SCREENSPACE_SHADOWS UNITY_NO_LINEAR_COLORSPACE UNITY_ENABLE_REFLECTION_BUFFERS UNITY_FRAMEBUFFER_FETCH_AVAILABLE UNITY_PBS_USE_BRDF2 SHADER_API_MOBILE ok=1
Cmd: compileSnippet
  api=5 type=1 insize=1275 outsize=0 kw=DIRECTIONAL_COOKIE SHADOWS_SCREEN pd=UNITY_NO_DXT5nm UNITY_NO_RGBM UNITY_NO_SCREENSPACE_SHADOWS UNITY_NO_LINEAR_COLORSPACE UNITY_ENABLE_REFLECTION_BUFFERS UNITY_FRAMEBUFFER_FETCH_AVAILABLE UNITY_NO_FULL_STANDARD_SHADER UNITY_PBS_USE_BRDF2 SHADER_API_MOBILE ok=1
Cmd: compileSnippet
  api=5 type=1 insize=1275 outsize=0 kw=POINT SHADOWS_CUBE SHADOWS_SOFT pd=UNITY_NO_DXT5nm UNITY_NO_RGBM UNITY_NO_SCREENSPACE_SHADOWS UNITY_NO_LINEAR_COLORSPACE UNITY_ENABLE_REFLECTION_BUFFERS UNITY_FRAMEBUFFER_FETCH_AVAILABLE UNITY_NO_FULL_STANDARD_SHADER UNITY_PBS_USE_BRDF2 SHADER_API_MOBILE ok=1
Cmd: compileSnippet
  api=9 type=1 insize=1275 outsize=0 kw=DIRECTIONAL_COOKIE SHADOWS_SCREEN SHADOWS_NATIVE pd=UNITY_NO_DXT5nm UNITY_NO_RGBM UNITY_NO_SCREENSPACE_SHADOWS UNITY_NO_LINEAR_COLORSPACE UNITY_ENABLE_REFLECTION_BUFFERS UNITY_FRAMEBUFFER_FETCH_AVAILABLE UNITY_PBS_USE_BRDF2 SHADER_API_MOBILE ok=1
Cmd: compileSnippet
  api=9 type=0 insize=1268 outsize=10114 kw=POINT_COOKIE SHADOWS_OFF pd=UNITY_NO_DXT5nm UNITY_NO_RGBM UNITY_NO_SCREENSPACE_SHADOWS UNITY_NO_LINEAR_COLORSPACE UNITY_ENABLE_REFLECTION_BUFFERS UNITY_FRAMEBUFFER_FETCH_AVAILABLE UNITY_PBS_USE_BRDF2 SHADER_API_MOBILE ok=1
Cmd: compileSnippet
  api=9 type=0 insize=1268 outsize=10165 kw=POINT SHADOWS_CUBE pd=UNITY_NO_DXT5nm UNITY_NO_RGBM UNITY_NO_SCREENSPACE_SHADOWS UNITY_NO_LINEAR_COLORSPACE UNITY_ENABLE_REFLECTION_BUFFERS UNITY_FRAMEBUFFER_FETCH_AVAILABLE UNITY_PBS_USE_BRDF2 SHADER_API_MOBILE ok=1
Cmd: compileSnippet
  api=5 type=0 insize=1268 outsize=5667 kw=POINT_COOKIE SHADOWS_CUBE SHADOWS_SOFT pd=UNITY_NO_DXT5nm UNITY_NO_RGBM UNITY_NO_SCREENSPACE_SHADOWS UNITY_NO_LINEAR_COLORSPACE UNITY_ENABLE_REFLECTION_BUFFERS UNITY_FRAMEBUFFER_FETCH_AVAILABLE UNITY_NO_FULL_STANDARD_SHADER UNITY_PBS_USE_BRDF2 SHADER_API_MOBILE ok=1
Cmd: compileSnippet
  api=5 type=1 insize=1268 outsize=0 kw=POINT SHADOWS_OFF pd=UNITY_NO_DXT5nm UNITY_NO_RGBM UNITY_NO_SCREENSPACE_SHADOWS UNITY_NO_LINEAR_COLORSPACE UNITY_ENABLE_REFLECTION_BUFFERS UNITY_FRAMEBUFFER_FETCH_AVAILABLE UNITY_NO_FULL_STANDARD_SHADER UNITY_PBS_USE_BRDF2 SHADER_API_MOBILE ok=1
Cmd: compileSnippet
  api=5 type=1 insize=1268 outsize=0 kw=DIRECTIONAL_COOKIE SHADOWS_OFF pd=UNITY_NO_DXT5nm UNITY_NO_RGBM UNITY_NO_SCREENSPACE_SHADOWS UNITY_NO_LINEAR_COLORSPACE UNITY_ENABLE_REFLECTION_BUFFERS UNITY_FRAMEBUFFER_FETCH_AVAILABLE UNITY_NO_FULL_STANDARD_SHADER UNITY_PBS_USE_BRDF2 SHADER_API_MOBILE ok=1
Cmd: compileSnippet
  api=5 type=1 insize=1268 outsize=0 kw=POINT_COOKIE SHADOWS_CUBE pd=UNITY_NO_DXT5nm UNITY_NO_RGBM UNITY_NO_SCREENSPACE_SHADOWS UNITY_NO_LINEAR_COLORSPACE UNITY_ENABLE_REFLECTION_BUFFERS UNITY_FRAMEBUFFER_FETCH_AVAILABLE UNITY_NO_FULL_STANDARD_SHADER UNITY_PBS_USE_BRDF2 SHADER_API_MOBILE ok=1
Cmd: compileSnippet
  api=5 type=1 insize=1268 outsize=0 kw=POINT_COOKIE SHADOWS_CUBE SHADOWS_SOFT pd=UNITY_NO_DXT5nm UNITY_NO_RGBM UNITY_NO_SCREENSPACE_SHADOWS UNITY_NO_LINEAR_COLORSPACE UNITY_ENABLE_REFLECTION_BUFFERS UNITY_FRAMEBUFFER_FETCH_AVAILABLE UNITY_NO_FULL_STANDARD_SHADER UNITY_PBS_USE_BRDF2 SHADER_API_MOBILE ok=1
Cmd: compileSnippet
  api=5 type=0 insize=1273 outsize=3121 kw=DIRECTIONAL SHADOWS_OFF pd=UNITY_NO_DXT5nm UNITY_NO_RGBM UNITY_NO_SCREENSPACE_SHADOWS UNITY_NO_LINEAR_COLORSPACE UNITY_ENABLE_REFLECTION_BUFFERS UNITY_FRAMEBUFFER_FETCH_AVAILABLE UNITY_NO_FULL_STANDARD_SHADER UNITY_PBS_USE_BRDF2 SHADER_API_MOBILE ok=1
Cmd: compileSnippet
  api=5 type=0 insize=1273 outsize=4934 kw=SPOT SHADOWS_DEPTH SHADOWS_NATIVE pd=UNITY_NO_DXT5nm UNITY_NO_RGBM UNITY_NO_SCREENSPACE_SHADOWS UNITY_NO_LINEAR_COLORSPACE UNITY_ENABLE_REFLECTION_BUFFERS UNITY_FRAMEBUFFER_FETCH_AVAILABLE UNITY_NO_FULL_STANDARD_SHADER UNITY_PBS_USE_BRDF2 SHADER_API_MOBILE ok=1
Cmd: compileSnippet
  api=5 type=0 insize=1273 outsize=5960 kw=SPOT SHADOWS_DEPTH SHADOWS_SOFT SHADOWS_NONATIVE pd=UNITY_NO_DXT5nm UNITY_NO_RGBM UNITY_NO_SCREENSPACE_SHADOWS UNITY_NO_LINEAR_COLORSPACE UNITY_ENABLE_REFLECTION_BUFFERS UNITY_FRAMEBUFFER_FETCH_AVAILABLE UNITY_NO_FULL_STANDARD_SHADER UNITY_PBS_USE_BRDF2 SHADER_API_MOBILE ok=1
Cmd: compileSnippet
  api=5 type=0 insize=1273 outsize=5301 kw=POINT SHADOWS_CUBE SHADOWS_SOFT pd=UNITY_NO_DXT5nm UNITY_NO_RGBM UNITY_NO_SCREENSPACE_SHADOWS UNITY_NO_LINEAR_COLORSPACE UNITY_ENABLE_REFLECTION_BUFFERS UNITY_FRAMEBUFFER_FETCH_AVAILABLE UNITY_NO_FULL_STANDARD_SHADER UNITY_PBS_USE_BRDF2 SHADER_API_MOBILE ok=1
Cmd: compileSnippet
  api=5 type=0 insize=1273 outsize=3978 kw=DIRECTIONAL_COOKIE SHADOWS_SCREEN SHADOWS_NATIVE pd=UNITY_NO_DXT5nm UNITY_NO_RGBM UNITY_NO_SCREENSPACE_SHADOWS UNITY_NO_LINEAR_COLORSPACE UNITY_ENABLE_REFLECTION_BUFFERS UNITY_FRAMEBUFFER_FETCH_AVAILABLE UNITY_NO_FULL_STANDARD_SHADER UNITY_PBS_USE_BRDF2 SHADER_API_MOBILE ok=1
Cmd: compileSnippet
  api=9 type=1 insize=1273 outsize=0 kw=POINT_COOKIE SHADOWS_OFF pd=UNITY_NO_DXT5nm UNITY_NO_RGBM UNITY_NO_SCREENSPACE_SHADOWS UNITY_NO_LINEAR_COLORSPACE UNITY_ENABLE_REFLECTION_BUFFERS UNITY_FRAMEBUFFER_FETCH_AVAILABLE UNITY_PBS_USE_BRDF2 SHADER_API_MOBILE ok=1
Cmd: compileSnippet
  api=5 type=1 insize=1273 outsize=0 kw=DIRECTIONAL_COOKIE SHADOWS_SCREEN pd=UNITY_NO_DXT5nm UNITY_NO_RGBM UNITY_NO_SCREENSPACE_SHADOWS UNITY_NO_LINEAR_COLORSPACE UNITY_ENABLE_REFLECTION_BUFFERS UNITY_FRAMEBUFFER_FETCH_AVAILABLE UNITY_NO_FULL_STANDARD_SHADER UNITY_PBS_USE_BRDF2 SHADER_API_MOBILE ok=1
Cmd: compileSnippet
  api=5 type=1 insize=1273 outsize=0 kw=POINT SHADOWS_CUBE SHADOWS_SOFT pd=UNITY_NO_DXT5nm UNITY_NO_RGBM UNITY_NO_SCREENSPACE_SHADOWS UNITY_NO_LINEAR_COLORSPACE UNITY_ENABLE_REFLECTION_BUFFERS UNITY_FRAMEBUFFER_FETCH_AVAILABLE UNITY_NO_FULL_STANDARD_SHADER UNITY_PBS_USE_BRDF2 SHADER_API_MOBILE ok=1
Cmd: compileSnippet
  api=9 type=0 insize=1934 outsize=10450 kw=POINT SHADOWS_OFF pd=UNITY_NO_DXT5nm UNITY_NO_RGBM UNITY_NO_SCREENSPACE_SHADOWS UNITY_NO_LINEAR_COLORSPACE UNITY_ENABLE_REFLECTION_BUFFERS UNITY_FRAMEBUFFER_FETCH_AVAILABLE UNITY_PBS_USE_BRDF2 SHADER_API_MOBILE ok=1
Cmd: compileSnippet
  api=5 type=0 insize=1934 outsize=4685 kw=POINT SHADOWS_CUBE pd=UNITY_NO_DXT5nm UNITY_NO_RGBM UNITY_NO_SCREENSPACE_SHADOWS UNITY_NO_LINEAR_COLORSPACE UNITY_ENABLE_REFLECTION_BUFFERS UNITY_FRAMEBUFFER_FETCH_AVAILABLE UNITY_NO_FULL_STANDARD_SHADER UNITY_PBS_USE_BRDF2 SHADER_API_MOBILE ok=1
Cmd: compileSnippet
  api=9 type=0 insize=1934 outsize=11733 kw=POINT SHADOWS_CUBE SHADOWS_SOFT pd=UNITY_NO_DXT5nm UNITY_NO_RGBM UNITY_NO_SCREENSPACE_SHADOWS UNITY_NO_LINEAR_COLORSPACE UNITY_ENABLE_REFLECTION_BUFFERS UNITY_FRAMEBUFFER_FETCH_AVAILABLE UNITY_PBS_USE_BRDF2 SHADER_API_MOBILE ok=1
Cmd: compileSnippet
  api=9 type=0 insize=1934 outsize=10411 kw=POINT SHADOWS_OFF UNITY_HDR_ON pd=UNITY_NO_DXT5nm UNITY_NO_RGBM UNITY_NO_SCREENSPACE_SHADOWS UNITY_NO_LINEAR_COLORSPACE UNITY_ENABLE_REFLECTION_BUFFERS UNITY_FRAMEBUFFER_FETCH_AVAILABLE UNITY_PBS_USE_BRDF2 SHADER_API_MOBILE ok=1
Cmd: compileSnippet
  api=5 type=0 insize=1934 outsize=5599 kw=SPOT SHADOWS_DEPTH UNITY_HDR_ON SHADOWS_NONATIVE pd=UNITY_NO_DXT5nm UNITY_NO_RGBM UNITY_NO_SCREENSPACE_SHADOWS UNITY_NO_LINEAR_COLORSPACE UNITY_ENABLE_REFLECTION_BUFFERS UNITY_FRAMEBUFFER_FETCH_AVAILABLE UNITY_NO_FULL_STANDARD_SHADER UNITY_PBS_USE_BRDF2 SHADER_API_MOBILE ok=1
Cmd: compileSnippet
  api=9 type=0 insize=1934 outsize=11203 kw=POINT_COOKIE SHADOWS_CUBE UNITY_HDR_ON pd=UNITY_NO_DXT5nm UNITY_NO_RGBM UNITY_NO_SCREENSPACE_SHADOWS UNITY_NO_LINEAR_COLORSPACE UNITY_ENABLE_REFLECTION_BUFFERS UNITY_FRAMEBUFFER_FETCH_AVAILABLE UNITY_PBS_USE_BRDF2 SHADER_API_MOBILE ok=1
Cmd: compileSnippet
  api=5 type=0 insize=1934 outsize=4705 kw=DIRECTIONAL_COOKIE SHADOWS_SCREEN SHADOWS_NATIVE UNITY_HDR_ON pd=UNITY_NO_DXT5nm UNITY_NO_RGBM UNITY_NO_SCREENSPACE_SHADOWS UNITY_NO_LINEAR_COLORSPACE UNITY_ENABLE_REFLECTION_BUFFERS UNITY_FRAMEBUFFER_FETCH_AVAILABLE UNITY_NO_FULL_STANDARD_SHADER UNITY_PBS_USE_BRDF2 SHADER_API_MOBILE ok=1
Cmd: compileSnippet
  api=5 type=1 insize=1934 outsize=0 kw=POINT SHADOWS_OFF pd=UNITY_NO_DXT5nm UNITY_NO_RGBM UNITY_NO_SCREENSPACE_SHADOWS UNITY_NO_LINEAR_COLORSPACE UNITY_ENABLE_REFLECTION_BUFFERS UNITY_FRAMEBUFFER_FETCH_AVAILABLE UNITY_NO_FULL_STANDARD_SHADER UNITY_PBS_USE_BRDF2 SHADER_API_MOBILE ok=1
Cmd: compileSnippet
  api=9 type=1 insize=1934 outsize=0 kw=DIRECTIONAL_COOKIE SHADOWS_OFF pd=UNITY_NO_DXT5nm UNITY_NO_RGBM UNITY_NO_SCREENSPACE_SHADOWS UNITY_NO_LINEAR_COLORSPACE UNITY_ENABLE_REFLECTION_BUFFERS UNITY_FRAMEBUFFER_FETCH_AVAILABLE UNITY_PBS_USE_BRDF2 SHADER_API_MOBILE ok=1
Cmd: compileSnippet
  api=9 type=1 insize=1934 outsize=0 kw=POINT_COOKIE SHADOWS_CUBE pd=UNITY_NO_DXT5nm UNITY_NO_RGBM UNITY_NO_SCREENSPACE_SHADOWS UNITY_NO_LINEAR_COLORSPACE UNITY_ENABLE_REFLECTION_BUFFERS UNITY_FRAMEBUFFER_FETCH_AVAILABLE UNITY_PBS_USE_BRDF2 SHADER_API_MOBILE ok=1
Cmd: compileSnippet
  api=5 type=1 insize=1934 outsize=0 kw=POINT_COOKIE SHADOWS_CUBE SHADOWS_SOFT pd=UNITY_NO_DXT5nm UNITY_NO_RGBM UNITY_NO_SCREENSPACE_SHADOWS UNITY_NO_LINEAR_COLORSPACE UNITY_ENABLE_REFLECTION_BUFFERS UNITY_FRAMEBUFFER_FETCH_AVAILABLE UNITY_NO_FULL_STANDARD_SHADER UNITY_PBS_USE_BRDF2 SHADER_API_MOBILE ok=1
Cmd: compileSnippet
  api=9 type=1 insize=1934 outsize=0 kw=SPOT SHADOWS_OFF UNITY_HDR_ON pd=UNITY_NO_DXT5nm UNITY_NO_RGBM UNITY_NO_SCREENSPACE_SHADOWS UNITY_NO_LINEAR_COLORSPACE UNITY_ENABLE_REFLECTION_BUFFERS UNITY_FRAMEBUFFER_FETCH_AVAILABLE UNITY_PBS_USE_BRDF2 SHADER_API_MOBILE ok=1
Cmd: compileSnippet
  api=5 type=1 insize=1934 outsize=0 kw=SPOT SHADOWS_DEPTH SHADOWS_NATIVE UNITY_HDR_ON pd=UNITY_NO_DXT5nm UNITY_NO_RGBM UNITY_NO_SCREENSPACE_SHADOWS UNITY_NO_LINEAR_COLORSPACE UNITY_ENABLE_REFLECTION_BUFFERS UNITY_FRAMEBUFFER_FETCH_AVAILABLE UNITY_NO_FULL_STANDARD_SHADER UNITY_PBS_USE_BRDF2 SHADER_API_MOBILE ok=1
Cmd: compileSnippet
  api=5 type=1 insize=1934 outsize=0 kw=SPOT SHADOWS_DEPTH SHADOWS_SOFT UNITY_HDR_ON SHADOWS_NONATIVE pd=UNITY_NO_DXT5nm UNITY_NO_RGBM UNITY_NO_SCREENSPACE_SHADOWS UNITY_NO_LINEAR_COLORSPACE UNITY_ENABLE_REFLECTION_BUFFERS UNITY_FRAMEBUFFER_FETCH_AVAILABLE UNITY_NO_FULL_STANDARD_SHADER UNITY_PBS_USE_BRDF2 SHADER_API_MOBILE ok=1
Cmd: compileSnippet
  api=9 type=1 insize=1934 outsize=0 kw=DIRECTIONAL SHADOWS_SCREEN SHADOWS_NATIVE UNITY_HDR_ON pd=UNITY_NO_DXT5nm UNITY_NO_RGBM UNITY_NO_SCREENSPACE_SHADOWS UNITY_NO_LINEAR_COLORSPACE UNITY_ENABLE_REFLECTION_BUFFERS UNITY_FRAMEBUFFER_FETCH_AVAILABLE UNITY_PBS_USE_BRDF2 SHADER_API_MOBILE ok=1
Cmd: compileSnippet
  api=9 type=0 insize=859 outsize=3740 kw=UNITY_HDR_ON pd=UNITY_NO_DXT5nm UNITY_NO_RGBM UNITY_NO_SCREENSPACE_SHADOWS UNITY_NO_LINEAR_COLORSPACE UNITY_ENABLE_REFLECTION_BUFFERS UNITY_FRAMEBUFFER_FETCH_AVAILABLE UNITY_PBS_USE_BRDF2 SHADER_API_MOBILE ok=1
Cmd: compileSnippet
  api=5 type=0 insize=1420 outsize=1505 kw=UNITY_UI_ALPHACLIP pd=UNITY_NO_DXT5nm UNITY_NO_RGBM UNITY_NO_SCREENSPACE_SHADOWS UNITY_NO_LINEAR_COLORSPACE UNITY_ENABLE_REFLECTION_BUFFERS UNITY_FRAMEBUFFER_FETCH_AVAILABLE UNITY_NO_FULL_STANDARD_SHADER UNITY_PBS_USE_BRDF2 SHADER_API_MOBILE ok=1
Cmd: compileSnippet
  api=9 type=0 insize=6657 outsize=23793 kw= pd=UNITY_NO_DXT5nm UNITY_NO_RGBM UNITY_NO_SCREENSPACE_SHADOWS UNITY_NO_LINEAR_COLORSPACE UNITY_ENABLE_REFLECTION_BUFFERS UNITY_FRAMEBUFFER_FETCH_AVAILABLE UNITY_PBS_USE_BRDF2 SHADER_API_MOBILE ok=1
Cmd: compileSnippet
  api=9 type=0 insize=701 outsize=6365 kw= pd=UNITY_NO_DXT5nm UNITY_NO_RGBM UNITY_NO_SCREENSPACE_SHADOWS UNITY_NO_LINEAR_COLORSPACE UNITY_ENABLE_REFLECTION_BUFFERS UNITY_FRAMEBUFFER_FETCH_AVAILABLE UNITY_PBS_USE_BRDF2 SHADER_API_MOBILE ok=1
Cmd: compileSnippet
  api=9 type=0 insize=1032 outsize=7017 kw= pd=UNITY_NO_DXT5nm UNITY_NO_RGBM UNITY_NO_SCREENSPACE_SHADOWS UNITY_NO_LINEAR_COLORSPACE UNITY_ENABLE_REFLECTION_BUFFERS UNITY_FRAMEBUFFER_FETCH_AVAILABLE UNITY_PBS_USE_BRDF2 SHADER_API_MOBILE ok=1
